0 info it worked if it ends with ok
1 verbose cli [ 'C:\\Program Files\\nodejs\\node.exe',
1 verbose cli   'C:\\Program Files\\nodejs\\node_modules\\npm\\bin\\npm-cli.js',
1 verbose cli   'install',
1 verbose cli   'debugger-for-chrome' ]
2 info using npm@3.10.10
3 info using node@v6.10.3
4 silly loadCurrentTree Starting
5 silly install loadCurrentTree
6 silly install readLocalPackageData
7 silly fetchPackageMetaData debugger-for-chrome
8 silly fetchNamedPackageData debugger-for-chrome
9 silly mapToRegistry name debugger-for-chrome
10 silly mapToRegistry using default registry
11 silly mapToRegistry registry https://registry.npmjs.org/
12 silly mapToRegistry data Result {
12 silly mapToRegistry   raw: 'debugger-for-chrome',
12 silly mapToRegistry   scope: null,
12 silly mapToRegistry   escapedName: 'debugger-for-chrome',
12 silly mapToRegistry   name: 'debugger-for-chrome',
12 silly mapToRegistry   rawSpec: '',
12 silly mapToRegistry   spec: 'latest',
12 silly mapToRegistry   type: 'tag' }
13 silly mapToRegistry uri https://registry.npmjs.org/debugger-for-chrome
14 verbose request uri https://registry.npmjs.org/debugger-for-chrome
15 verbose request no auth needed
16 info attempt registry request try #1 at 11:10:00
17 verbose request id 7940b76dd6794248
18 http request GET https://registry.npmjs.org/debugger-for-chrome
19 http 200 https://registry.npmjs.org/debugger-for-chrome
20 verbose headers { 'content-type': 'application/json; charset=UTF-8',
20 verbose headers   server: 'UploadServer',
20 verbose headers   'cache-control': 'max-age=300',
20 verbose headers   'last-modified': 'Mon, 13 Jun 2016 16:40:41 GMT',
20 verbose headers   etag: '"575ee209-1a9"',
20 verbose headers   'x-npm-region': 'EU-East',
20 verbose headers   'content-encoding': 'gzip',
20 verbose headers   'content-length': '242',
20 verbose headers   'accept-ranges': 'bytes',
20 verbose headers   date: 'Sun, 25 Feb 2018 10:10:00 GMT',
20 verbose headers   via: '1.1 varnish',
20 verbose headers   age: '0',
20 verbose headers   connection: 'keep-alive',
20 verbose headers   'x-served-by': 'cache-fra19122-FRA',
20 verbose headers   'x-cache': 'MISS',
20 verbose headers   'x-cache-hits': '0',
20 verbose headers   'x-timer': 'S1519553401.602284,VS0,VE272',
20 verbose headers   vary: 'Accept-Encoding, Accept' }
21 silly get cb [ 200,
21 silly get   { 'content-type': 'application/json; charset=UTF-8',
21 silly get     server: 'UploadServer',
21 silly get     'cache-control': 'max-age=300',
21 silly get     'last-modified': 'Mon, 13 Jun 2016 16:40:41 GMT',
21 silly get     etag: '"575ee209-1a9"',
21 silly get     'x-npm-region': 'EU-East',
21 silly get     'content-encoding': 'gzip',
21 silly get     'content-length': '242',
21 silly get     'accept-ranges': 'bytes',
21 silly get     date: 'Sun, 25 Feb 2018 10:10:00 GMT',
21 silly get     via: '1.1 varnish',
21 silly get     age: '0',
21 silly get     connection: 'keep-alive',
21 silly get     'x-served-by': 'cache-fra19122-FRA',
21 silly get     'x-cache': 'MISS',
21 silly get     'x-cache-hits': '0',
21 silly get     'x-timer': 'S1519553401.602284,VS0,VE272',
21 silly get     vary: 'Accept-Encoding, Accept' } ]
22 verbose get saving debugger-for-chrome to C:\Users\Janusz\AppData\Roaming\npm-cache\registry.npmjs.org\debugger-for-chrome\.cache.json
23 verbose correctMkdir C:\Users\Janusz\AppData\Roaming\npm-cache correctMkdir not in flight; initializing
24 verbose stack TypeError: Cannot convert undefined or null to object
24 verbose stack     at pickVersionFromRegistryDocument (C:\Program Files\nodejs\node_modules\npm\lib\fetch-package-metadata.js:125:29)
24 verbose stack     at C:\Program Files\nodejs\node_modules\npm\node_modules\iferr\index.js:13:50
24 verbose stack     at C:\Program Files\nodejs\node_modules\npm\lib\utils\pulse-till-done.js:20:8
24 verbose stack     at saved (C:\Program Files\nodejs\node_modules\npm\lib\cache\caching-client.js:174:7)
24 verbose stack     at C:\Program Files\nodejs\node_modules\npm\node_modules\graceful-fs\polyfills.js:241:18
24 verbose stack     at FSReqWrap.oncomplete (fs.js:123:15)
25 verbose cwd F:\Programowanie\VSCode\Program_VSCode
26 error Windows_NT 6.1.7601
27 error argv "C:\\Program Files\\nodejs\\node.exe" "C:\\Program Files\\nodejs\\node_modules\\npm\\bin\\npm-cli.js" "install" "debugger-for-chrome"
28 error node v6.10.3
29 error npm  v3.10.10
30 error Cannot convert undefined or null to object
31 error If you need help, you may report this error at:
31 error     <https://github.com/npm/npm/issues>
32 verbose exit [ 1, true ]
